<?xml version="1.0" encoding="UTF-8"?>
<testsuite name="com.oms.service.OrderServiceImplTest" tests="1" skipped="0" failures="0" errors="0" timestamp="2020-03-26T09:12:00" hostname="IN2393255W1" time="0.021">
  <properties/>
  <testcase name="testCreateOrder" classname="com.oms.service.OrderServiceImplTest" time="0.021"/>
  <system-out><![CDATA[2020-03-26 14:42:00.563  INFO 13640 --- [    Test worker] com.oms.service.OrderServiceImpl         : H2 DB call to create Order
]]></system-out>
  <system-err><![CDATA[]]></system-err>
</testsuite>
