<?xml version="1.0" encoding="UTF-8"?>
<testsuite name="com.oms.validator.OmsValidatorTest" tests="1" skipped="0" failures="0" errors="0" timestamp="2020-03-26T09:12:00" hostname="IN2393255W1" time="0.004">
  <properties/>
  <testcase name="test()" classname="com.oms.validator.OmsValidatorTest" time="0.004"/>
  <system-out><![CDATA[]]></system-out>
  <system-err><![CDATA[]]></system-err>
</testsuite>
