<?xml version="1.0" encoding="UTF-8"?>
<testsuite name="com.oms.model.OrderTest" tests="1" skipped="0" failures="0" errors="0" timestamp="2020-03-26T09:11:46" hostname="IN2393255W1" time="0.001">
  <properties/>
  <testcase name="testOrder()" classname="com.oms.model.OrderTest" time="0.001"/>
  <system-out><![CDATA[]]></system-out>
  <system-err><![CDATA[]]></system-err>
</testsuite>
