<?xml version="1.0" encoding="UTF-8"?>
<testsuite name="com.oms.exception.OsmExceptionHandlerTest" tests="2" skipped="0" failures="0" errors="0" timestamp="2020-03-26T09:11:46" hostname="IN2393255W1" time="0.106">
  <properties/>
  <testcase name="testHandleOsmException()" classname="com.oms.exception.OsmExceptionHandlerTest" time="0.101"/>
  <testcase name="testHandleMethodArgumentNotValidException()" classname="com.oms.exception.OsmExceptionHandlerTest" time="0.003"/>
  <system-out><![CDATA[]]></system-out>
  <system-err><![CDATA[]]></system-err>
</testsuite>
