<?xml version="1.0" encoding="UTF-8"?>
<testsuite name="com.oms.grpcServer.OrderServerTest" tests="1" skipped="0" failures="0" errors="0" timestamp="2020-03-26T09:12:00" hostname="IN2393255W1" time="0.089">
  <properties/>
  <testcase name="test" classname="com.oms.grpcServer.OrderServerTest" time="0.089"/>
  <system-out><![CDATA[2020-03-26 14:42:00.541  INFO 13640 --- [    Test worker] com.oms.grpcServer.OrderServer           : GRPC Server call for OrderID123
]]></system-out>
  <system-err><![CDATA[]]></system-err>
</testsuite>
